#
# A fatal error has been detected by the Java Runtime Environment:
#
#  SIGSEGV (0xb) at pc=0xb6e13aa0, pid=1648, tid=1887103808
#
# JRE version: 6.0_30-b12
# Java VM: Java HotSpot(TM) Server VM (20.5-b03 mixed mode linux-x86 )
# Problematic frame:
# V  [libjvm.so+0x486aa0]  unsigned+0x110
#
# If you would like to submit a bug report, please visit:
#   http://java.sun.com/webapps/bugreport/crash.jsp
#

---------------  T H R E A D  ---------------

Current thread (0xb68dc400):  JavaThread "JDWP Transport Listener: dt_socket" daemon [_thread_in_vm, id=1669, stack(0x7075e000,0x707af000)]

siginfo:si_signo=SIGSEGV: si_errno=0, si_code=1 (SEGV_MAPERR), si_addr=0x70005629

Registers:
EAX=0x70005629, EBX=0xb718ed08, ECX=0x70005629, EDX=0x00000880
ESP=0x707adf60, EBP=0x707adfb8, ESI=0x00000000, EDI=0xb6803df0
EIP=0xb6e13aa0, EFLAGS=0x00210202, CR2=0x70005629

Top of Stack: (sp=0x707adf60)
0x707adf60:   b68dc400 00000000 707adf88 707adf70
0x707adf70:   b68dc400 00000000 00000000 00000000
0x707adf80:   b68dc400 b76eb49f b67a7438 b67a7438
0x707adf90:   b68dc400 707ae0a0 707adfd8 b679c10a
0x707adfa0:   b6803df0 70804c78 b6e1399b b67a7438
0x707adfb0:   b67a7320 707ae00b 707adfd8 b679a846
0x707adfc0:   b6803df0 70005629 707ae00b b67a7438
0x707adfd0:   70005629 707ae0a0 707ae018 b6773874 

Instructions: (pc=0xb6e13aa0)
0xb6e13a80:   03 00 00 8a 8f c4 00 00 00 83 e1 10 84 c9 0f 84
0xb6e13a90:   a3 02 00 00 8b 45 0c 31 f6 85 c0 74 1a 8b 4d 0c
0xb6e13aa0:   8b 01 85 c0 0f 84 86 02 00 00 89 c6 3d fe fe fe
0xb6e13ab0:   fe 0f 84 79 02 00 00 85 f6 74 1c 8b 46 04 83 ec 

Register to memory mapping:

EAX=0x70005629 is an unknown value
EBX=0xb718ed08: <offset 0x801d08> in /usr/lib/jvm/jdk1.6.0_30/jre/lib/i386/server/libjvm.so at 0xb698d000
ECX=0x70005629 is an unknown value
EDX=0x00000880 is an unknown value
ESP=0x707adf60 is pointing into the stack for thread: 0xb68dc400
EBP=0x707adfb8 is pointing into the stack for thread: 0xb68dc400
ESI=0x00000000 is an unknown value
EDI=0xb6803df0 is an unknown value


Stack: [0x7075e000,0x707af000],  sp=0x707adf60,  free space=319k
Native frames: (J=compiled Java code, j=interpreted, Vv=VM code, C=native code)
V  [libjvm.so+0x486aa0]  unsigned+0x110
C  [libjdwp.so+0x2d846]  int+0x46
C  [libjdwp.so+0x6874]  wchar_t+0x44
C  [libjdwp.so+0x6a73]  unsigned long+0xf3
C  [libjdwp.so+0x6b20]  unsigned long+0x20
C  [libjdwp.so+0x13143]  double+0x233
C  [libjdwp.so+0x27fd5]  char+0x75
C  [libjdwp.so+0x282d3]  signed char+0x33
V  [libjvm.so+0x4f84f9]  JvmtiAgentThread::start_function_wrapper(JavaThread*, Thread*)+0x79
V  [libjvm.so+0x6e16ff]  JavaThread::run()+0x11f
V  [libjvm.so+0x5e2b2e]  java_start(Thread*)+0x14e
C  [libpthread.so.0+0x6d4c]  short+0xcc


---------------  P R O C E S S  ---------------

Java Threads: ( => current thread )
  0xb68e4400 JavaThread "Low Memory Detector" daemon [_thread_blocked, id=1677, stack(0x7045c000,0x704ad000)]
  0xb68e2800 JavaThread "C2 CompilerThread1" daemon [_thread_blocked, id=1676, stack(0x704ad000,0x7052e000)]
  0xb68e0800 JavaThread "C2 CompilerThread0" daemon [_thread_blocked, id=1675, stack(0x7052e000,0x705af000)]
  0x70800c00 JavaThread "JDWP Command Reader" daemon [_thread_in_native, id=1671, stack(0x705af000,0x70600000)]
  0xb68dec00 JavaThread "JDWP Event Helper Thread" daemon [_thread_blocked, id=1670, stack(0x7070d000,0x7075e000)]
=>0xb68dc400 JavaThread "JDWP Transport Listener: dt_socket" daemon [_thread_in_vm, id=1669, stack(0x7075e000,0x707af000)]
  0xb68d4400 JavaThread "Signal Dispatcher" daemon [_thread_blocked, id=1666, stack(0x707af000,0x70800000)]
  0xb68c6800 JavaThread "Finalizer" daemon [_thread_blocked, id=1665, stack(0x70940000,0x70991000)]
  0xb68c5000 JavaThread "Reference Handler" daemon [_thread_blocked, id=1664, stack(0x70991000,0x709e2000)]
  0xb6807400 JavaThread "main" [_thread_blocked, id=1658, stack(0xb6910000,0xb6961000)]

Other Threads:
  0xb68c1400 VMThread [stack: 0x709e2000,0x70a63000] [id=1663]
  0xb68ee400 WatcherThread [stack: 0x703db000,0x7045c000] [id=1678]

VM state:not at safepoint (normal execution)

VM Mutex/Monitor currently owned by a thread: None

Heap
 PSYoungGen      total 18496K, used 952K [0x9ea80000, 0x9ff20000, 0xb3480000)
  eden space 15872K, 6% used [0x9ea80000,0x9eb6e238,0x9fa00000)
  from space 2624K, 0% used [0x9fc90000,0x9fc90000,0x9ff20000)
  to   space 2624K, 0% used [0x9fa00000,0x9fa00000,0x9fc90000)
 PSOldGen        total 42240K, used 0K [0x75680000, 0x77fc0000, 0x9ea80000)
  object space 42240K, 0% used [0x75680000,0x75680000,0x77fc0000)
 PSPermGen       total 16384K, used 4283K [0x71680000, 0x72680000, 0x75680000)
  object space 16384K, 26% used [0x71680000,0x71aaef98,0x72680000)

Code Cache  [0xb354b000, 0xb378b000, 0xb654b000)
 total_blobs=92 nmethods=0 adapters=68 free_code_cache=50037824 largest_free_block=0

Dynamic libraries:
08048000-08052000 r-xp 00000000 08:01 7078438    /usr/lib/jvm/jdk1.6.0_30/bin/java
08052000-08053000 rwxp 00009000 08:01 7078438    /usr/lib/jvm/jdk1.6.0_30/bin/java
09332000-09353000 rwxp 00000000 00:00 0          [heap]
70200000-70261000 rwxp 00000000 00:00 0 
70261000-70300000 ---p 00000000 00:00 0 
703db000-703dc000 ---p 00000000 00:00 0 
703dc000-7045c000 rwxp 00000000 00:00 0 
7045c000-7045f000 ---p 00000000 00:00 0 
7045f000-704ad000 rwxp 00000000 00:00 0 
704ad000-704b0000 ---p 00000000 00:00 0 
704b0000-7052e000 rwxp 00000000 00:00 0 
7052e000-70531000 ---p 00000000 00:00 0 
70531000-705af000 rwxp 00000000 00:00 0 
705af000-705b2000 ---p 00000000 00:00 0 
705b2000-70600000 rwxp 00000000 00:00 0 
70600000-70621000 rwxp 00000000 00:00 0 
70621000-70700000 ---p 00000000 00:00 0 
7070d000-70710000 ---p 00000000 00:00 0 
70710000-7075e000 rwxp 00000000 00:00 0 
7075e000-70761000 ---p 00000000 00:00 0 
70761000-707af000 rwxp 00000000 00:00 0 
707af000-707b2000 ---p 00000000 00:00 0 
707b2000-70800000 rwxp 00000000 00:00 0 
70800000-70833000 rwxp 00000000 00:00 0 
70833000-70900000 ---p 00000000 00:00 0 
70940000-70943000 ---p 00000000 00:00 0 
70943000-70991000 rwxp 00000000 00:00 0 
70991000-70994000 ---p 00000000 00:00 0 
70994000-709e2000 rwxp 00000000 00:00 0 
709e2000-709e3000 ---p 00000000 00:00 0 
709e3000-70a63000 rwxp 00000000 00:00 0 
70a63000-70c00000 r-xs 030b8000 08:01 6030587    /usr/lib/jvm/jdk1.6.0_30/jre/lib/rt.jar
70c00000-70c21000 rwxp 00000000 00:00 0 
70c21000-70d00000 ---p 00000000 00:00 0 
70d16000-70d4a000 rwxp 00000000 00:00 0 
70d4a000-70d7f000 r-xs 002d2000 08:01 15866621   /home/saurav/eclipse/configuration/org.eclipse.osgi/bundles/786/1/.cp/lib/scala-reflect.jar
70d7f000-70d80000 ---p 00000000 00:00 0 
70d80000-70e00000 rwxp 00000000 00:00 0 
70e00000-70e21000 rwxp 00000000 00:00 0 
70e21000-70f00000 ---p 00000000 00:00 0 
70f00000-70f21000 rwxp 00000000 00:00 0 
70f21000-71000000 ---p 00000000 00:00 0 
71005000-7100d000 r-xs 0006d000 08:01 15728792   /home/saurav/eclipse/configuration/org.eclipse.osgi/bundles/787/1/.cp/lib/scala-actors.jar
7100d000-7107f000 r-xs 00659000 08:01 15728790   /home/saurav/eclipse/configuration/org.eclipse.osgi/bundles/787/1/.cp/lib/scala-library.jar
7107f000-71080000 ---p 00000000 00:00 0 
71080000-71100000 rwxp 00000000 00:00 0 
71100000-71121000 rwxp 00000000 00:00 0 
71121000-71200000 ---p 00000000 00:00 0 
71204000-71205000 ---p 00000000 00:00 0 
71205000-71285000 rwxp 00000000 00:00 0 
71285000-71286000 ---p 00000000 00:00 0 
71286000-7130e000 rwxp 00000000 00:00 0 
7130e000-71326000 rwxp 00000000 00:00 0 
71326000-7133b000 rwxp 00000000 00:00 0 
7133b000-71470000 rwxp 00000000 00:00 0 
71470000-71478000 rwxp 00000000 00:00 0 
71478000-71490000 rwxp 00000000 00:00 0 
71490000-714a5000 rwxp 00000000 00:00 0 
714a5000-715da000 rwxp 00000000 00:00 0 
715da000-715e5000 rwxp 00000000 00:00 0 
715e5000-7167f000 rwxp 00000000 00:00 0 
7167f000-72680000 rwxp 00000000 00:00 0 
72680000-75680000 rwxp 00000000 00:00 0 
75680000-77fc0000 rwxp 00000000 00:00 0 
77fc0000-9ea80000 rwxp 00000000 00:00 0 
9ea80000-9ff20000 rwxp 00000000 00:00 0 
9ff20000-b3480000 rwxp 00000000 00:00 0 
b3481000-b348b000 r-xs 000a3000 08:01 15728791   /home/saurav/eclipse/configuration/org.eclipse.osgi/bundles/787/1/.cp/lib/scala-swing.jar
b348b000-b3494000 rwxp 00000000 00:00 0 
b3494000-b354b000 rwxp 00000000 00:00 0 
b354b000-b378b000 rwxp 00000000 00:00 0 
b378b000-b654b000 rwxp 00000000 00:00 0 
b654b000-b6556000 r-xp 00000000 08:01 1456895    /lib/i386-linux-gnu/libnss_files-2.15.so
b6556000-b6557000 r-xp 0000a000 08:01 1456895    /lib/i386-linux-gnu/libnss_files-2.15.so
b6557000-b6558000 rwxp 0000b000 08:01 1456895    /lib/i386-linux-gnu/libnss_files-2.15.so
b6558000-b6562000 r-xp 00000000 08:01 1456930    /lib/i386-linux-gnu/libnss_nis-2.15.so
b6562000-b6563000 r-xp 00009000 08:01 1456930    /lib/i386-linux-gnu/libnss_nis-2.15.so
b6563000-b6564000 rwxp 0000a000 08:01 1456930    /lib/i386-linux-gnu/libnss_nis-2.15.so
b6564000-b656b000 r-xp 00000000 08:01 1456870    /lib/i386-linux-gnu/libnss_compat-2.15.so
b656b000-b656c000 r-xp 00006000 08:01 1456870    /lib/i386-linux-gnu/libnss_compat-2.15.so
b656c000-b656d000 rwxp 00007000 08:01 1456870    /lib/i386-linux-gnu/libnss_compat-2.15.so
b656d000-b676d000 r-xp 00000000 08:01 17039487   /usr/lib/locale/locale-archive
b676d000-b67a7000 r-xp 00000000 08:01 6030446    /usr/lib/jvm/jdk1.6.0_30/jre/lib/i386/libjdwp.so
b67a7000-b67a8000 rwxp 00039000 08:01 6030446    /usr/lib/jvm/jdk1.6.0_30/jre/lib/i386/libjdwp.so
b67a8000-b67be000 r-xp 00000000 08:01 1456942    /lib/i386-linux-gnu/libnsl-2.15.so
b67be000-b67bf000 r-xp 00015000 08:01 1456942    /lib/i386-linux-gnu/libnsl-2.15.so
b67bf000-b67c0000 rwxp 00016000 08:01 1456942    /lib/i386-linux-gnu/libnsl-2.15.so
b67c0000-b67c2000 rwxp 00000000 00:00 0 
b67c2000-b67d1000 r-xp 00000000 08:01 6030419    /usr/lib/jvm/jdk1.6.0_30/jre/lib/i386/libzip.so
b67d1000-b67d3000 rwxp 0000e000 08:01 6030419    /usr/lib/jvm/jdk1.6.0_30/jre/lib/i386/libzip.so
b67d3000-b67db000 rwxs 00000000 08:01 6827427    /tmp/hsperfdata_saurav/1648
b67db000-b67fe000 r-xp 00000000 08:01 6030417    /usr/lib/jvm/jdk1.6.0_30/jre/lib/i386/libjava.so
b67fe000-b6800000 rwxp 00023000 08:01 6030417    /usr/lib/jvm/jdk1.6.0_30/jre/lib/i386/libjava.so
b6800000-b68fa000 rwxp 00000000 00:00 0 
b68fa000-b6900000 ---p 00000000 00:00 0 
b6907000-b690e000 r-xp 00000000 08:01 1456898    /lib/i386-linux-gnu/librt-2.15.so
b690e000-b690f000 r-xp 00006000 08:01 1456898    /lib/i386-linux-gnu/librt-2.15.so
b690f000-b6910000 rwxp 00007000 08:01 1456898    /lib/i386-linux-gnu/librt-2.15.so
b6910000-b6913000 ---p 00000000 00:00 0 
b6913000-b6961000 rwxp 00000000 00:00 0 
b6961000-b698b000 r-xp 00000000 08:01 1456933    /lib/i386-linux-gnu/libm-2.15.so
b698b000-b698c000 r-xp 00029000 08:01 1456933    /lib/i386-linux-gnu/libm-2.15.so
b698c000-b698d000 rwxp 0002a000 08:01 1456933    /lib/i386-linux-gnu/libm-2.15.so
b698d000-b713f000 r-xp 00000000 08:01 6161030    /usr/lib/jvm/jdk1.6.0_30/jre/lib/i386/server/libjvm.so
b713f000-b7193000 rwxp 007b1000 08:01 6161030    /usr/lib/jvm/jdk1.6.0_30/jre/lib/i386/server/libjvm.so
b7193000-b75b2000 rwxp 00000000 00:00 0 
b75b2000-b7755000 r-xp 00000000 08:01 1456854    /lib/i386-linux-gnu/libc-2.15.so
b7755000-b7757000 r-xp 001a3000 08:01 1456854    /lib/i386-linux-gnu/libc-2.15.so
b7757000-b7758000 rwxp 001a5000 08:01 1456854    /lib/i386-linux-gnu/libc-2.15.so
b7758000-b775b000 rwxp 00000000 00:00 0 
b775b000-b775e000 r-xp 00000000 08:01 1456937    /lib/i386-linux-gnu/libdl-2.15.so
b775e000-b775f000 r-xp 00002000 08:01 1456937    /lib/i386-linux-gnu/libdl-2.15.so
b775f000-b7760000 rwxp 00003000 08:01 1456937    /lib/i386-linux-gnu/libdl-2.15.so
b7760000-b7767000 r-xp 00000000 08:01 6161038    /usr/lib/jvm/jdk1.6.0_30/jre/lib/i386/jli/libjli.so
b7767000-b7769000 rwxp 00006000 08:01 6161038    /usr/lib/jvm/jdk1.6.0_30/jre/lib/i386/jli/libjli.so
b7769000-b776a000 rwxp 00000000 00:00 0 
b776a000-b7781000 r-xp 00000000 08:01 1456931    /lib/i386-linux-gnu/libpthread-2.15.so
b7781000-b7782000 r-xp 00016000 08:01 1456931    /lib/i386-linux-gnu/libpthread-2.15.so
b7782000-b7783000 rwxp 00017000 08:01 1456931    /lib/i386-linux-gnu/libpthread-2.15.so
b7783000-b7785000 rwxp 00000000 00:00 0 
b7787000-b778a000 r-xp 00000000 08:01 6030447    /usr/lib/jvm/jdk1.6.0_30/jre/lib/i386/libdt_socket.so
b778a000-b778b000 rwxp 00003000 08:01 6030447    /usr/lib/jvm/jdk1.6.0_30/jre/lib/i386/libdt_socket.so
b778b000-b778c000 r-xp 002c0000 08:01 17039487   /usr/lib/locale/locale-archive
b778c000-b778f000 r-xp 00000000 08:01 6030420    /usr/lib/jvm/jdk1.6.0_30/jre/lib/i386/libnpt.so
b778f000-b7790000 rwxp 00002000 08:01 6030420    /usr/lib/jvm/jdk1.6.0_30/jre/lib/i386/libnpt.so
b7790000-b7791000 rwxp 00000000 00:00 0 
b7791000-b7792000 r-xp 00000000 00:00 0 
b7792000-b779d000 r-xp 00000000 08:01 6030416    /usr/lib/jvm/jdk1.6.0_30/jre/lib/i386/libverify.so
b779d000-b779e000 rwxp 0000b000 08:01 6030416    /usr/lib/jvm/jdk1.6.0_30/jre/lib/i386/libverify.so
b779e000-b77a0000 rwxp 00000000 00:00 0 
b77a0000-b77a1000 r-xp 00000000 00:00 0          [vdso]
b77a1000-b77c1000 r-xp 00000000 08:01 1456934    /lib/i386-linux-gnu/ld-2.15.so
b77c1000-b77c2000 r-xp 0001f000 08:01 1456934    /lib/i386-linux-gnu/ld-2.15.so
b77c2000-b77c3000 rwxp 00020000 08:01 1456934    /lib/i386-linux-gnu/ld-2.15.so
bfb42000-bfb64000 rwxp 00000000 00:00 0          [stack]

VM Arguments:
jvm_args: -agentlib:jdwp=transport=dt_socket,suspend=y,address=localhost:37157 -Dfile.encoding=UTF-8 -Xbootclasspath/p:/home/saurav/eclipse/configuration/org.eclipse.osgi/bundles/787/1/.cp/lib/scala-library.jar:/home/saurav/eclipse/configuration/org.eclipse.osgi/bundles/787/1/.cp/lib/scala-swing.jar:/home/saurav/eclipse/configuration/org.eclipse.osgi/bundles/787/1/.cp/lib/scala-actors.jar:/home/saurav/eclipse/configuration/org.eclipse.osgi/bundles/786/1/.cp/lib/scala-reflect.jar 
java_command: example.Lists
Launcher Type: SUN_STANDARD

Environment Variables:
JAVA_HOME=/usr/lib/jvm/java-7-openjdk-i386
PATH=/home/saurav/cxps/bin:/usr/lib/jvm/java-7-openjdk-i386/bin:/home/saurav/cxps/bin:/usr/local/sbin:/usr/local/bin:/usr/sbin:/usr/bin:/sbin:/bin:/usr/lib/lightdm/lightdm:/usr/local/sbin:/usr/local/bin:/usr/sbin:/usr/bin:/sbin:/bin:/usr/games:/usr/lib/oracle/xe/app/oracle/product/10.2.0/server/bin:/usr/lib/jvm/java-7-openjdk-i386/bin:/home/saurav/cxps/bin:/home/saurav/sbt//bin:
LD_LIBRARY_PATH=/usr/lib/jvm/jdk1.6.0_30/jre/lib/i386/server:/usr/lib/jvm/jdk1.6.0_30/jre/lib/i386:/usr/lib/jvm/jdk1.6.0_30/jre/../lib/i386:/usr/lib/jvm/java-7-openjdk-i386/jre/lib/i386/client:/usr/lib/jvm/java-7-openjdk-i386/jre/lib/i386:
SHELL=/bin/bash
DISPLAY=:0.0
OS=Linux

Signal Handlers:
SIGSEGV: [libjvm.so+0x725400], sa_mask[0]=0x7ffbfeff, sa_flags=0x10000004
SIGBUS: [libjvm.so+0x725400], sa_mask[0]=0x7ffbfeff, sa_flags=0x10000004
SIGFPE: [libjvm.so+0x5dff40], sa_mask[0]=0x7ffbfeff, sa_flags=0x10000004
SIGPIPE: [libjvm.so+0x5dff40], sa_mask[0]=0x7ffbfeff, sa_flags=0x10000004
SIGXFSZ: [libjvm.so+0x5dff40], sa_mask[0]=0x7ffbfeff, sa_flags=0x10000004
SIGILL: [libjvm.so+0x5dff40], sa_mask[0]=0x7ffbfeff, sa_flags=0x10000004
SIGUSR1: SIG_DFL, sa_mask[0]=0x00000000, sa_flags=0x00000000
SIGUSR2: [libjvm.so+0x5e31a0], sa_mask[0]=0x00000004, sa_flags=0x10000004
SIGHUP: [libjvm.so+0x5e2d80], sa_mask[0]=0x7ffbfeff, sa_flags=0x10000004
SIGINT: [libjvm.so+0x5e2d80], sa_mask[0]=0x7ffbfeff, sa_flags=0x10000004
SIGTERM: [libjvm.so+0x5e2d80], sa_mask[0]=0x7ffbfeff, sa_flags=0x10000004
SIGQUIT: [libjvm.so+0x5e2d80], sa_mask[0]=0x7ffbfeff, sa_flags=0x10000004


---------------  S Y S T E M  ---------------

OS:wheezy/sid

uname:Linux 3.2.0-53-generic-pae #81-Ubuntu SMP Thu Aug 22 21:23:47 UTC 2013 i686
libc:glibc 2.15 NPTL 2.15 
rlimit: STACK 8192k, CORE 0k, NPROC 31558, NOFILE 4096, AS infinity
load average:0.54 0.40 0.57

/proc/meminfo:
MemTotal:        4054128 kB
MemFree:          322020 kB
Buffers:           46400 kB
Cached:          1046368 kB
SwapCached:         4560 kB
Active:          2664208 kB
Inactive:         940540 kB
Active(anon):    2415120 kB
Inactive(anon):   676340 kB
Active(file):     249088 kB
Inactive(file):   264200 kB
Unevictable:          60 kB
Mlocked:              60 kB
HighTotal:       3214088 kB
HighFree:          82860 kB
LowTotal:         840040 kB
LowFree:          239160 kB
SwapTotal:       2028540 kB
SwapFree:        1950244 kB
Dirty:               224 kB
Writeback:             0 kB
AnonPages:       2508040 kB
Mapped:           292252 kB
Shmem:            579172 kB
Slab:              69140 kB
SReclaimable:      42696 kB
SUnreclaim:        26444 kB
KernelStack:        5216 kB
PageTables:        29076 kB
NFS_Unstable:          0 kB
Bounce:                0 kB
WritebackTmp:          0 kB
CommitLimit:     4055604 kB
Committed_AS:    9222472 kB
VmallocTotal:     122880 kB
VmallocUsed:       17228 kB
VmallocChunk:      98768 kB
HardwareCorrupted:     0 kB
AnonHugePages:         0 kB
HugePages_Total:       0
HugePages_Free:        0
HugePages_Rsvd:        0
HugePages_Surp:        0
Hugepagesize:       2048 kB
DirectMap4k:       10232 kB
DirectMap2M:      903168 kB


CPU:total 4 (2 cores per cpu, 2 threads per core) family 6 model 42 stepping 7, cmov, cx8, fxsr, mmx, sse, sse2, sse3, ssse3, sse4.1, sse4.2, popcnt, ht

/proc/cpuinfo:
processor	: 0
vendor_id	: GenuineIntel
cpu family	: 6
model		: 42
model name	: Intel(R) Core(TM) i3-2310M CPU @ 2.10GHz
stepping	: 7
microcode	: 0x14
cpu MHz		: 800.000
cache size	: 3072 KB
physical id	: 0
siblings	: 4
core id		: 0
cpu cores	: 2
apicid		: 0
initial apicid	: 0
fdiv_bug	: no
hlt_bug		: no
f00f_bug	: no
coma_bug	: no
fpu		: yes
fpu_exception	: yes
cpuid level	: 13
wp		: yes
flags		: fpu vme de pse tsc msr pae mce cx8 apic sep mtrr pge mca cmov pat pse36 clflush dts acpi mmx fxsr sse sse2 ss ht tm pbe nx rdtscp lm constant_tsc arch_perfmon pebs bts xtopology nonstop_tsc aperfmperf pni pclmulqdq dtes64 monitor ds_cpl vmx est tm2 ssse3 cx16 xtpr pdcm pcid sse4_1 sse4_2 x2apic popcnt tsc_deadline_timer xsave avx lahf_lm arat epb xsaveopt pln pts dtherm tpr_shadow vnmi flexpriority ept vpid
bogomips	: 4190.45
clflush size	: 64
cache_alignment	: 64
address sizes	: 36 bits physical, 48 bits virtual
power management:

processor	: 1
vendor_id	: GenuineIntel
cpu family	: 6
model		: 42
model name	: Intel(R) Core(TM) i3-2310M CPU @ 2.10GHz
stepping	: 7
microcode	: 0x14
cpu MHz		: 800.000
cache size	: 3072 KB
physical id	: 0
siblings	: 4
core id		: 0
cpu cores	: 2
apicid		: 1
initial apicid	: 1
fdiv_bug	: no
hlt_bug		: no
f00f_bug	: no
coma_bug	: no
fpu		: yes
fpu_exception	: yes
cpuid level	: 13
wp		: yes
flags		: fpu vme de pse tsc msr pae mce cx8 apic sep mtrr pge mca cmov pat pse36 clflush dts acpi mmx fxsr sse sse2 ss ht tm pbe nx rdtscp lm constant_tsc arch_perfmon pebs bts xtopology nonstop_tsc aperfmperf pni pclmulqdq dtes64 monitor ds_cpl vmx est tm2 ssse3 cx16 xtpr pdcm pcid sse4_1 sse4_2 x2apic popcnt tsc_deadline_timer xsave avx lahf_lm arat epb xsaveopt pln pts dtherm tpr_shadow vnmi flexpriority ept vpid
bogomips	: 4190.28
clflush size	: 64
cache_alignment	: 64
address sizes	: 36 bits physical, 48 bits virtual
power management:

processor	: 2
vendor_id	: GenuineIntel
cpu family	: 6
model		: 42
model name	: Intel(R) Core(TM) i3-2310M CPU @ 2.10GHz
stepping	: 7
microcode	: 0x14
cpu MHz		: 2000.000
cache size	: 3072 KB
physical id	: 0
siblings	: 4
core id		: 1
cpu cores	: 2
apicid		: 2
initial apicid	: 2
fdiv_bug	: no
hlt_bug		: no
f00f_bug	: no
coma_bug	: no
fpu		: yes
fpu_exception	: yes
cpuid level	: 13
wp		: yes
flags		: fpu vme de pse tsc msr pae mce cx8 apic sep mtrr pge mca cmov pat pse36 clflush dts acpi mmx fxsr sse sse2 ss ht tm pbe nx rdtscp lm constant_tsc arch_perfmon pebs bts xtopology nonstop_tsc aperfmperf pni pclmulqdq dtes64 monitor ds_cpl vmx est tm2 ssse3 cx16 xtpr pdcm pcid sse4_1 sse4_2 x2apic popcnt tsc_deadline_timer xsave avx lahf_lm arat epb xsaveopt pln pts dtherm tpr_shadow vnmi flexpriority ept vpid
bogomips	: 4190.29
clflush size	: 64
cache_alignment	: 64
address sizes	: 36 bits physical, 48 bits virtual
power management:

processor	: 3
vendor_id	: GenuineIntel
cpu family	: 6
model		: 42
model name	: Intel(R) Core(TM) i3-2310M CPU @ 2.10GHz
stepping	: 7
microcode	: 0x14
cpu MHz		: 2100.000
cache size	: 3072 KB
physical id	: 0
siblings	: 4
core id		: 1
cpu cores	: 2
apicid		: 3
initial apicid	: 3
fdiv_bug	: no
hlt_bug		: no
f00f_bug	: no
coma_bug	: no
fpu		: yes
fpu_exception	: yes
cpuid level	: 13
wp		: yes
flags		: fpu vme de pse tsc msr pae mce cx8 apic sep mtrr pge mca cmov pat pse36 clflush dts acpi mmx fxsr sse sse2 ss ht tm pbe nx rdtscp lm constant_tsc arch_perfmon pebs bts xtopology nonstop_tsc aperfmperf pni pclmulqdq dtes64 monitor ds_cpl vmx est tm2 ssse3 cx16 xtpr pdcm pcid sse4_1 sse4_2 x2apic popcnt tsc_deadline_timer xsave avx lahf_lm arat epb xsaveopt pln pts dtherm tpr_shadow vnmi flexpriority ept vpid
bogomips	: 4190.30
clflush size	: 64
cache_alignment	: 64
address sizes	: 36 bits physical, 48 bits virtual
power management:



Memory: 4k page, physical 4054128k(322020k free), swap 2028540k(1950244k free)

vm_info: Java HotSpot(TM) Server VM (20.5-b03) for linux-x86 JRE (1.6.0_30-b12), built on Nov 10 2011 01:04:19 by "java_re" with gcc 3.2.1-7a (J2SE release)

time: Thu Sep 19 15:18:04 2013
elapsed time: 327 seconds

